<?xml version="1.0" encoding="UTF-8"?>
<testng-results skipped="0" failed="0" total="1" passed="1">
  <reporter-output>
  </reporter-output>
  <suite name="Default suite" duration-ms="1327" started-at="2019-08-28T12:31:52Z" finished-at="2019-08-28T12:31:53Z">
    <groups>
    </groups>
    <test name="Default test" duration-ms="1327" started-at="2019-08-28T12:31:52Z" finished-at="2019-08-28T12:31:53Z">
      <class name="com.qa.tests.PostAvatar">
        <test-method status="PASS" signature="execution()[pri:0, instance:com.qa.tests.PostAvatar@5afa04c]" name="execution" duration-ms="1315" started-at="2019-08-28T18:01:52Z" finished-at="2019-08-28T18:01:53Z">
          <reporter-output>
          </reporter-output>
        </test-method> <!-- execution -->
      </class> <!-- com.qa.tests.PostAvatar -->
    </test> <!-- Default test -->
  </suite> <!-- Default suite -->
</testng-results>
